2020-11-26 10:35:04 [scrapy.utils.log] INFO: Scrapy 1.0.1 started (bot: first)
2020-11-26 10:35:04 [scrapy.utils.log] INFO: Versions: lxml 4.3.4.0, libxml2 2.9.9, cssselect 1.0.3, parsel 1.5.1, w3lib 1.20.0, Twisted 19.2.1, Python 3.7.6 (default, Aug  6 2020, 19:21:39) - [GCC 4.8.5 20150623 (Red Hat 4.8.5-36)], pyOpenSSL 19.0.0 (OpenSSL 1.1.1g  21 Apr 2020), cryptography 3.0, Platform Linux-3.10.0-957.el7.x86_64-x86_64-with-centos-7.6.1810-Core
2020-11-26 10:35:04 [scrapy.crawler] INFO: Overridden settings: {'BOT_NAME': 'first', 'FEED_FORMAT': 'csv', 'FEED_URI': 'dmoz.csv', 'LOG_FILE': 'a.log', 'NEWSPIDER_MODULE': 'first.spiders', 'ROBOTSTXT_OBEY': True, 'SPIDER_MODULES': ['first.spiders']}
2020-11-26 10:35:04 [scrapy.middleware] INFO: Enabled extensions:
['scrapy.extensions.corestats.CoreStats',
 'scrapy.extensions.telnet.TelnetConsole',
 'scrapy.extensions.memusage.MemoryUsage',
 'scrapy.extensions.feedexport.FeedExporter',
 'scrapy.extensions.logstats.LogStats']
2020-11-26 10:35:04 [scrapy.middleware] INFO: Enabled downloader middlewares:
['scrapy.downloadermiddlewares.robotstxt.RobotsTxtMiddleware',
 'scrapy.downloadermiddlewares.httpauth.HttpAuthMiddleware',
 'scrapy.downloadermiddlewares.downloadtimeout.DownloadTimeoutMiddleware',
 'scrapy.downloadermiddlewares.defaultheaders.DefaultHeadersMiddleware',
 'scrapy.downloadermiddlewares.useragent.UserAgentMiddleware',
 'scrapy.downloadermiddlewares.retry.RetryMiddleware',
 'scrapy.downloadermiddlewares.redirect.MetaRefreshMiddleware',
 'scrapy.downloadermiddlewares.httpcompression.HttpCompressionMiddleware',
 'scrapy.downloadermiddlewares.redirect.RedirectMiddleware',
 'scrapy.downloadermiddlewares.cookies.CookiesMiddleware',
 'scrapy.downloadermiddlewares.httpproxy.HttpProxyMiddleware',
 'scrapy.downloadermiddlewares.stats.DownloaderStats']
2020-11-26 10:35:04 [scrapy.middleware] INFO: Enabled spider middlewares:
['scrapy.spidermiddlewares.httperror.HttpErrorMiddleware',
 'scrapy.spidermiddlewares.offsite.OffsiteMiddleware',
 'scrapy.spidermiddlewares.referer.RefererMiddleware',
 'scrapy.spidermiddlewares.urllength.UrlLengthMiddleware',
 'scrapy.spidermiddlewares.depth.DepthMiddleware']
2020-11-26 10:35:04 [scrapy.middleware] INFO: Enabled item pipelines:
[]
2020-11-26 10:35:04 [scrapy.core.engine] INFO: Spider opened
2020-11-26 10:35:04 [scrapy.extensions.logstats] INFO: Crawled 0 pages (at 0 pages/min), scraped 0 items (at 0 items/min)
2020-11-26 10:35:04 [py.warnings] WARNING: /disk_RAID6_106T/software/install/python3.7.6/lib/python3.7/site-packages/scrapy/spidermiddlewares/offsite.py:59: URLWarning: allowed_domains accepts only domains, not URLs. Ignoring URL entry https://dmoz-odp.org in allowed_domains.
  warnings.warn("allowed_domains accepts only domains, not URLs. Ignoring URL entry %s in allowed_domains." % domain, URLWarning)

2020-11-26 10:35:04 [scrapy.extensions.telnet] INFO: Telnet console listening on 127.0.0.1:6024
2020-11-26 10:35:06 [scrapy.core.engine] DEBUG: Crawled (200) <GET https://www.dmoz-odp.org/robots.txt> (referer: None)
2020-11-26 10:35:06 [scrapy.core.engine] DEBUG: Crawled (200) <GET https://www.dmoz-odp.org/Computers/Programming/Languages/Python/Books/> (referer: None)
2020-11-26 10:35:07 [scrapy.core.scraper] DEBUG: Scraped from <200 https://www.dmoz-odp.org/Computers/Programming/Languages/Python/Books/>
{'desc': ['The primary goal of this book is to promote object-oriented design '
          'using Python and to illustrate the use of the emerging '
          'object-oriented design patterns.\r\n'
          'A secondary goal of the book is to present mathematical tools just '
          'in time. Analysis techniques and proofs are presented as needed and '
          'in the proper context.',
          ''],
 'link': ['http://www.brpreiss.com/books/opus7/html/book.html'],
 'title': ['Data Structures and Algorithms with Object-Oriented Design '
           'Patterns in Python']}
2020-11-26 10:35:07 [scrapy.core.scraper] DEBUG: Scraped from <200 https://www.dmoz-odp.org/Computers/Programming/Languages/Python/Books/>
{'desc': ['By Mark Pilgrim, Guide to Python 3  and its differences from Python '
          '2. Each chapter starts with a real code sample and explains it '
          'fully. Has a comprehensive appendix of all the syntactic and '
          'semantic changes in Python 3',
          ''],
 'link': ['http://www.diveintopython.net/'],
 'title': ['Dive Into Python 3']}
2020-11-26 10:35:07 [scrapy.core.scraper] DEBUG: Scraped from <200 https://www.dmoz-odp.org/Computers/Programming/Languages/Python/Books/>
{'desc': ['This book covers a wide range of topics. From raw TCP and UDP to '
          'encryption with TSL, and then to HTTP, SMTP, POP, IMAP, and ssh. It '
          'gives you a good understanding of each field and how to do '
          'everything on the network with Python.',
          ''],
 'link': ['http://rhodesmill.org/brandon/2011/foundations-of-python-network-programming/'],
 'title': ['Foundations of Python Network Programming']}
2020-11-26 10:35:07 [scrapy.core.scraper] DEBUG: Scraped from <200 https://www.dmoz-odp.org/Computers/Programming/Languages/Python/Books/>
{'desc': ['Free Python books and tutorials.', ''],
 'link': ['http://www.techbooksforfree.com/perlpython.shtml'],
 'title': ['Free Python books']}
2020-11-26 10:35:07 [scrapy.core.scraper] DEBUG: Scraped from <200 https://www.dmoz-odp.org/Computers/Programming/Languages/Python/Books/>
{'desc': ['Annotated list of free online books on Python scripting language. '
          'Topics range from beginner to advanced.',
          ''],
 'link': ['http://www.freetechbooks.com/python-f6.html'],
 'title': ['FreeTechBooks: Python Scripting Language']}
2020-11-26 10:35:07 [scrapy.core.scraper] DEBUG: Scraped from <200 https://www.dmoz-odp.org/Computers/Programming/Languages/Python/Books/>
{'desc': ['By Allen B. Downey, Jeffrey Elkner, Chris Meyers; Green Tea Press, '
          '2002, ISBN 0971677506. Teaches general principles of programming, '
          'via Python as subject language. Thorough, in-depth approach to many '
          'basic and intermediate programming topics. Full text online and '
          'downloads: HTML, PDF, PS, LaTeX. [Free, Green Tea Press]',
          ''],
 'link': ['http://greenteapress.com/thinkpython/'],
 'title': ['How to Think Like a Computer Scientist: Learning with Python']}
2020-11-26 10:35:07 [scrapy.core.scraper] DEBUG: Scraped from <200 https://www.dmoz-odp.org/Computers/Programming/Languages/Python/Books/>
{'desc': ['By Guido van Rossum, Fred L. Drake, Jr.; Network Theory Ltd., 2003, '
          'ISBN 0954161769. Printed edition of official tutorial, for v2.x, '
          'from Python.org. [Network Theory, online]',
          ''],
 'link': ['http://www.network-theory.co.uk/python/intro/'],
 'title': ['An Introduction to Python']}
2020-11-26 10:35:07 [scrapy.core.scraper] DEBUG: Scraped from <200 https://www.dmoz-odp.org/Computers/Programming/Languages/Python/Books/>
{'desc': ['By Rashi Gupta; John Wiley and Sons, 2002, ISBN 0471219754. Covers '
          'language basics, use for CGI scripting, GUI development, network '
          'programming; shows why it is one of more sophisticated of popular '
          'scripting languages. [Wiley]',
          ''],
 'link': ['http://www.wiley.com/WileyCDA/WileyTitle/productCd-0471219754.html'],
 'title': ['Making Use of Python']}
2020-11-26 10:35:07 [scrapy.core.scraper] DEBUG: Scraped from <200 https://www.dmoz-odp.org/Computers/Programming/Languages/Python/Books/>
{'desc': ['By Magnus Lie Hetland; Apress LP, 2002, ISBN 1590590066. Readable '
          'guide to ideas most vital to new users, from basics common to high '
          'level languages, to more specific aspects, to a series of 10 ever '
          'more complex programs. [Apress]',
          ''],
 'link': ['http://hetland.org/writing/practical-python/'],
 'title': ['Practical Python']}
2020-11-26 10:35:07 [scrapy.core.scraper] DEBUG: Scraped from <200 https://www.dmoz-odp.org/Computers/Programming/Languages/Python/Books/>
{'desc': ['By Rytis Sileika, ISBN13: 978-1-4302-2605-5, Uses real-world system '
          'administration examples like manage devices with SNMP and SOAP, '
          'build a distributed monitoring system, manage web applications and '
          'parse complex log files, monitor and manage MySQL databases.',
          ''],
 'link': ['http://sysadminpy.com/'],
 'title': ['Pro Python System Administration']}
2020-11-26 10:35:07 [scrapy.core.scraper] DEBUG: Scraped from <200 https://www.dmoz-odp.org/Computers/Programming/Languages/Python/Books/>
{'desc': ['A Complete Introduction to the Python 3.', ''],
 'link': ['http://www.qtrac.eu/py3book.html'],
 'title': ['Programming in Python 3 (Second Edition)']}
2020-11-26 10:35:07 [scrapy.core.scraper] DEBUG: Scraped from <200 https://www.dmoz-odp.org/Computers/Programming/Languages/Python/Books/>
{'desc': ['By Dave Brueck, Stephen Tanner; John Wiley and Sons, 2001, ISBN '
          '0764548077. Full coverage, clear explanations, hands-on examples, '
          'full language reference; shows step by step how to use components, '
          'assemble them, form full-featured programs. [John Wiley and Sons]',
          ''],
 'link': ['http://www.wiley.com/WileyCDA/WileyTitle/productCd-0764548077.html'],
 'title': ['Python 2.1 Bible']}
2020-11-26 10:35:07 [scrapy.core.scraper] DEBUG: Scraped from <200 https://www.dmoz-odp.org/Computers/Programming/Languages/Python/Books/>
{'desc': ['A step-by-step tutorial for OOP in Python 3, including discussion '
          'and examples of abstraction, encapsulation, information hiding, and '
          'raise, handle, define, and manipulate exceptions.',
          ''],
 'link': ['https://www.packtpub.com/python-3-object-oriented-programming/book'],
 'title': ['Python 3 Object Oriented Programming']}
2020-11-26 10:35:07 [scrapy.core.scraper] DEBUG: Scraped from <200 https://www.dmoz-odp.org/Computers/Programming/Languages/Python/Books/>
{'desc': ['By Guido van Rossum, Fred L. Drake, Jr.; Network Theory Ltd., 2003, '
          'ISBN 0954161785. Printed edition of official language reference, '
          'for v2.x, from Python.org, describes syntax, built-in datatypes. '
          '[Network Theory, online]',
          ''],
 'link': ['http://www.network-theory.co.uk/python/language/'],
 'title': ['Python Language Reference Manual']}
2020-11-26 10:35:07 [scrapy.core.scraper] DEBUG: Scraped from <200 https://www.dmoz-odp.org/Computers/Programming/Languages/Python/Books/>
{'desc': ['By Richard Hightower; Addison-Wesley, 2002, 0201616165. Begins with '
          'Python basics, many exercises, interactive sessions. Shows '
          'programming novices concepts and practical methods. Shows '
          "programming experts Python's abilities and ways to interface with "
          'Java APIs. [publisher website]',
          ''],
 'link': ['http://www.informit.com/store/product.aspx?isbn=0201616165&redir=1'],
 'title': ['Python Programming with the Java Class Libraries: A Tutorial for '
           'Building Web and Enterprise Applications with Jython']}
2020-11-26 10:35:07 [scrapy.core.scraper] DEBUG: Scraped from <200 https://www.dmoz-odp.org/Computers/Programming/Languages/Python/Books/>
{'desc': ['By Ivan Van Laningham; Sams Publishing, 2000, ISBN 0672317354. '
          'Split into 24 hands-on, 1 hour lessons; steps needed to learn '
          'topic: syntax, language features, OO design and programming, GUIs '
          '(Tkinter), system administration, CGI. [Sams Publishing]',
          ''],
 'link': ['http://www.informit.com/store/product.aspx?isbn=0672317354'],
 'title': ['Sams Teach Yourself Python in 24 Hours']}
2020-11-26 10:35:07 [scrapy.core.scraper] DEBUG: Scraped from <200 https://www.dmoz-odp.org/Computers/Programming/Languages/Python/Books/>
{'desc': ['By David Mertz; Addison Wesley. Book in progress, full text, ASCII '
          'format. Asks for feedback. [author website, Gnosis Software, Inc.]',
          ''],
 'link': ['http://gnosis.cx/TPiP/'],
 'title': ['Text Processing in Python']}
2020-11-26 10:35:07 [scrapy.core.scraper] DEBUG: Scraped from <200 https://www.dmoz-odp.org/Computers/Programming/Languages/Python/Books/>
{'desc': ['By Sean McGrath; Prentice Hall PTR, 2000, ISBN 0130211192, has '
          'CD-ROM. Methods to build XML applications fast, Python tutorial, '
          'DOM and SAX, new Pyxie open source XML processing library. '
          '[Prentice Hall PTR]',
          ''],
 'link': ['http://www.informit.com/store/product.aspx?isbn=0130211192'],
 'title': ['XML Processing with Python']}
2020-11-26 10:35:07 [scrapy.core.engine] DEBUG: Crawled (200) <GET https://www.dmoz-odp.org/Computers/Programming/Languages/Python/Resources/> (referer: None)
2020-11-26 10:35:07 [scrapy.core.scraper] DEBUG: Scraped from <200 https://www.dmoz-odp.org/Computers/Programming/Languages/Python/Resources/>
{'desc': ['Contains links to assorted resources from the Python universe, '
          'compiled by PythonWare.',
          ''],
 'link': ['http://www.pythonware.com/daily/'],
 'title': ["eff-bot's Daily Python URL"]}
2020-11-26 10:35:07 [scrapy.core.scraper] DEBUG: Scraped from <200 https://www.dmoz-odp.org/Computers/Programming/Languages/Python/Resources/>
{'desc': ['Features Python books, resources, news and articles.', ''],
 'link': ['http://oreilly.com/python/'],
 'title': ["O'Reilly Python Center"]}
2020-11-26 10:35:07 [scrapy.core.scraper] DEBUG: Scraped from <200 https://www.dmoz-odp.org/Computers/Programming/Languages/Python/Resources/>
{'desc': ['Resources for reporting bugs, accessing the Python source tree with '
          'CVS and taking part in the development of Python.',
          ''],
 'link': ['https://www.python.org/dev/'],
 'title': ["Python Developer's Guide"]}
2020-11-26 10:35:07 [scrapy.core.scraper] DEBUG: Scraped from <200 https://www.dmoz-odp.org/Computers/Programming/Languages/Python/Resources/>
{'desc': ['Scripts, examples and news about Python programming for the Windows '
          'platform.',
          ''],
 'link': ['http://win32com.goermezer.de/'],
 'title': ['Social Bug']}
2020-11-26 10:35:07 [scrapy.core.engine] INFO: Closing spider (finished)
2020-11-26 10:35:07 [scrapy.extensions.feedexport] INFO: Stored csv feed (22 items) in: dmoz.csv
2020-11-26 10:35:07 [scrapy.statscollectors] INFO: Dumping Scrapy stats:
{'downloader/request_bytes': 749,
 'downloader/request_count': 3,
 'downloader/request_method_count/GET': 3,
 'downloader/response_bytes': 13981,
 'downloader/response_count': 3,
 'downloader/response_status_count/200': 3,
 'finish_reason': 'finished',
 'finish_time': datetime.datetime(2020, 11, 26, 2, 35, 7, 710590),
 'item_scraped_count': 22,
 'log_count/DEBUG': 25,
 'log_count/INFO': 9,
 'log_count/WARNING': 1,
 'memusage/max': 46727168,
 'memusage/startup': 46727168,
 'response_received_count': 3,
 'robotstxt/request_count': 1,
 'robotstxt/response_count': 1,
 'robotstxt/response_status_count/200': 1,
 'scheduler/dequeued': 2,
 'scheduler/dequeued/memory': 2,
 'scheduler/enqueued': 2,
 'scheduler/enqueued/memory': 2,
 'start_time': datetime.datetime(2020, 11, 26, 2, 35, 4, 959839)}
2020-11-26 10:35:07 [scrapy.core.engine] INFO: Spider closed (finished)
